Determining if the pthread_create exist failed with the following output:
Change Dir: /home/viki/catkin_ws_2/build/CMakeFiles/CMakeTmp

Run Build Command:/usr/bin/make "cmTryCompileExec317785107/fast"
/usr/bin/make -f CMakeFiles/cmTryCompileExec317785107.dir/build.make CMakeFiles/cmTryCompileExec317785107.dir/build
make[1]: Entering directory `/home/viki/catkin_ws_2/build/CMakeFiles/CMakeTmp'
/usr/bin/cmake -E cmake_progress_report /home/viki/catkin_ws_2/build/CMakeFiles/CMakeTmp/CMakeFiles 1
Building C object CMakeFiles/cmTryCompileExec317785107.dir/CheckSymbolExists.c.o
/usr/bin/cc    -o CMakeFiles/cmTryCompileExec317785107.dir/CheckSymbolExists.c.o   -c /home/viki/catkin_ws_2/build/CMakeFiles/CMakeTmp/CheckSymbolExists.c
Linking C executable cmTryCompileExec317785107
/usr/bin/cmake -E cmake_link_script CMakeFiles/cmTryCompileExec317785107.dir/link.txt --verbose=1
/usr/bin/cc       CMakeFiles/cmTryCompileExec317785107.dir/CheckSymbolExists.c.o  -o cmTryCompileExec317785107 -rdynamic 
CMakeFiles/cmTryCompileExec317785107.dir/CheckSymbolExists.c.o: In function `main':
CheckSymbolExists.c:(.text+0x16): undefined reference to `pthread_create'
collect2: error: ld returned 1 exit status
make[1]: Leaving directory `/home/viki/catkin_ws_2/build/CMakeFiles/CMakeTmp'
make[1]: *** [cmTryCompileExec317785107] Error 1
make: *** [cmTryCompileExec317785107/fast] Error 2

File /home/viki/catkin_ws_2/build/CMakeFiles/CMakeTmp/CheckSymbolExists.c:
/* */
#include <pthread.h>

int main(int argc, char** argv)
{
  (void)argv;
#ifndef pthread_create
  return ((int*)(&pthread_create))[argc];
#else
  (void)argc;
  return 0;
#endif
}

Determining if the function pthread_create exists in the pthreads failed with the following output:
Change Dir: /home/viki/catkin_ws_2/build/CMakeFiles/CMakeTmp

Run Build Command:/usr/bin/make "cmTryCompileExec3470328291/fast"
/usr/bin/make -f CMakeFiles/cmTryCompileExec3470328291.dir/build.make CMakeFiles/cmTryCompileExec3470328291.dir/build
make[1]: Entering directory `/home/viki/catkin_ws_2/build/CMakeFiles/CMakeTmp'
/usr/bin/cmake -E cmake_progress_report /home/viki/catkin_ws_2/build/CMakeFiles/CMakeTmp/CMakeFiles 1
Building C object CMakeFiles/cmTryCompileExec3470328291.dir/CheckFunctionExists.c.o
/usr/bin/cc   -DCHECK_FUNCTION_EXISTS=pthread_create   -o CMakeFiles/cmTryCompileExec3470328291.dir/CheckFunctionExists.c.o   -c /usr/share/cmake-2.8/Modules/CheckFunctionExists.c
Linking C executable cmTryCompileExec3470328291
/usr/bin/cmake -E cmake_link_script CMakeFiles/cmTryCompileExec3470328291.dir/link.txt --verbose=1
/usr/bin/cc   -DCHECK_FUNCTION_EXISTS=pthread_create    CMakeFiles/cmTryCompileExec3470328291.dir/CheckFunctionExists.c.o  -o cmTryCompileExec3470328291 -rdynamic -lpthreads 
/usr/bin/ld: cannot find -lpthreads
collect2: error: ld returned 1 exit status
make[1]: Leaving directory `/home/viki/catkin_ws_2/build/CMakeFiles/CMakeTmp'
make[1]: *** [cmTryCompileExec3470328291] Error 1
make: *** [cmTryCompileExec3470328291/fast] Error 2


